Arguments: 
  C:\Program Files\nodejs\node.exe C:\Users\smarc\AppData\Roaming\npm\node_modules\yarn\bin\yarn.js start

PATH: 
  C:\Users\smarc\bin;C:\Program Files\Git\mingw64\bin;C:\Program Files\Git\usr\local\bin;C:\Program Files\Git\usr\bin;C:\Program Files\Git\usr\bin;C:\Program Files\Git\mingw64\bin;C:\Program Files\Git\usr\bin;C:\Users\smarc\bin;C:\Program Files (x86)\Common Files\Oracle\Java\javapath;C:\Program Files (x86)\Intel\iCLS Client;C:\Program Files\Intel\iCLS Client;C:\Windows\system32;C:\Windows;C:\Windows\System32\Wbem;C:\Windows\System32\WindowsPowerShell\v1.0;C:\Program Files (x86)\Intel\Intel(R) Management Engine Components\DAL;C:\Program Files\Intel\Intel(R) Management Engine Components\DAL;C:\Program Files (x86)\Intel\Intel(R) Management Engine Components\IPT;C:\Program Files\Intel\Intel(R) Management Engine Components\IPT;C:\Program Files (x86)\NVIDIA Corporation\PhysX\Common;C:\Program Files\Git\cmd;C:\Program Files\nodejs;C:\WINDOWS\system32;C:\WINDOWS;C:\WINDOWS\System32\Wbem;C:\WINDOWS\System32\WindowsPowerShell\v1.0;C:\WINDOWS\System32\OpenSSH;C:\Program Files\MongoDB\Server\4.0\bin;C:\Program Files\Intel\WiFi\bin;C:\Program Files\Common Files\Intel\WirelessCommon;C:\Users\smarc\AppData\Local\Microsoft\WindowsApps;C:\Program Files\Microsoft VS Code\bin;C:\Program Files\heroku\bin;C:\Users\smarc\AppData\Roaming\npm;C:\Program Files (x86)\Java\jre1.8.0_181\bin;C:\Program Files (x86)\Java\bin;C:\Program Files\Git\usr\bin\vendor_perl;C:\Program Files\Git\usr\bin\core_perl

Yarn version: 
  1.9.4

Node version: 
  8.11.1

Platform: 
  win32 x64

Trace: 
  SyntaxError: C:\Users\smarc\Desktop\WebDevClass\GEEKMATCH\FinalProject\package.json: Unexpected token / in JSON at position 628
      at JSON.parse (<anonymous>)
      at C:\Users\smarc\AppData\Roaming\npm\node_modules\yarn\lib\cli.js:1130:59
      at Generator.next (<anonymous>)
      at step (C:\Users\smarc\AppData\Roaming\npm\node_modules\yarn\lib\cli.js:92:30)
      at C:\Users\smarc\AppData\Roaming\npm\node_modules\yarn\lib\cli.js:103:13
      at <anonymous>

npm manifest: 
  {
    "name": "mern-social",
    "version": "1.0.0",
    "description": "A MERN stack based social media application",
    "author": "Shama Hoque",
    "license": "MIT",
    "keywords": [
      "react",
      "express",
      "mongodb",
      "node",
      "mern"
    ],
    "repository": {
      "type": "git",
      "url": "https://github.com/shamahoque/mern-social.git"
    },
    "homepage": "https://github.com/shamahoque/mern-social",
    "main": "./dist/server.generated.js",
    "scripts": {
      "development": "nodemon",
      "build": "webpack --config webpack.config.client.production.js && webpack --mode=production --config webpack.config.server.js",
      // "start": "NODE_ENV=production node ./dist/server.generated.js"
    },
    "engines": {
      "node": "8.11.1",
      "npm": "5.8.0"
    },
    "devDependencies": {
      "babel-core": "6.26.2",
      "babel-loader": "7.1.4",
      "babel-preset-env": "1.6.1",
      "babel-preset-react": "6.24.1",
      "babel-preset-stage-2": "6.24.1",
      "file-loader": "1.1.11",
      "nodemon": "1.17.3",
      "webpack": "4.6.0",
      "webpack-cli": "2.0.15",
      "webpack-dev-middleware": "3.1.3",
      "webpack-hot-middleware": "2.22.1",
      "webpack-node-externals": "1.7.2"
    },
    "dependencies": {
      "body-parser": "1.18.2",
      "compression": "1.7.2",
      "cookie-parser": "1.4.3",
      "cors": "2.8.4",
      "express": "4.16.3",
      "express-jwt": "5.3.1",
      "formidable": "1.2.1",
      "helmet": "3.12.0",
      "jsonwebtoken": "8.2.1",
      "lodash": "4.17.10",
      "material-ui": "1.0.0-beta.43",
      "material-ui-icons": "1.0.0-beta.36",
      "mongoose": "5.0.16",
      "react": "16.3.2",
      "react-dom": "16.3.2",
      "react-hot-loader": "4.1.2",
      "react-router": "4.2.0",
      "react-router-dom": "4.2.2"
    }
  }

yarn manifest: 
  No manifest

Lockfile: 
  No lockfile
